2023-07-22 14:11:55,366 [main] INFO  org.springframework.data.repository.config.RepositoryConfigurationDelegate(registerRepositoriesIn:138) - Bootstrapping Spring Data JPA repositories in DEFAULT mode.
2023-07-22 14:11:55,578 [main] INFO  org.springframework.data.repository.config.RepositoryConfigurationDelegate(registerRepositoriesIn:208) - Finished Spring Data repository scanning in 174 ms. Found 6 JPA repository interfaces.
2023-07-22 14:11:57,196 [main] INFO  org.springframework.boot.web.embedded.tomcat.TomcatWebServer(initialize:108) - Tomcat initialized with port(s): 8080 (http)
2023-07-22 14:11:57,472 [main] INFO  org.springframework.boot.web.servlet.context.ServletWebServerApplicationContext(prepareWebApplicationContext:291) - Root WebApplicationContext: initialization completed in 3962 ms
2023-07-22 14:11:58,849 [main] INFO  org.springframework.orm.jpa.persistenceunit.SpringPersistenceUnitInfo(addTransformer:87) - No LoadTimeWeaver setup: ignoring JPA class transformer
2023-07-22 14:12:04,641 [main] INFO  org.springframework.orm.jpa.LocalContainerEntityManagerFactoryBean(buildNativeEntityManagerFactory:437) - Initialized JPA EntityManagerFactory for persistence unit 'default'
2023-07-22 14:12:06,136 [main] WARN  org.springframework.boot.autoconfigure.orm.jpa.JpaBaseConfiguration$JpaWebConfiguration(openEntityManagerInViewInterceptor:231) - spring.jpa.open-in-view is enabled by default. Therefore, database queries may be performed during view rendering. Explicitly configure spring.jpa.open-in-view to disable this warning
2023-07-22 14:12:06,488 [main] INFO  org.springframework.boot.autoconfigure.web.servlet.WelcomePageHandlerMapping(<init>:57) - Adding welcome page: class path resource [static/index.html]
2023-07-22 14:12:06,945 [main] INFO  org.springframework.boot.web.embedded.tomcat.TomcatWebServer(start:220) - Tomcat started on port(s): 8080 (http) with context path ''
2023-07-22 14:12:18,291 [http-nio-8080-exec-1] INFO  org.springframework.web.servlet.DispatcherServlet(initServletBean:532) - Initializing Servlet 'dispatcherServlet'
2023-07-22 14:12:18,295 [http-nio-8080-exec-1] INFO  org.springframework.web.servlet.DispatcherServlet(initServletBean:554) - Completed initialization in 2 ms
2023-07-22 14:17:56,330 [main] INFO  org.springframework.data.repository.config.RepositoryConfigurationDelegate(registerRepositoriesIn:138) - Bootstrapping Spring Data JPA repositories in DEFAULT mode.
2023-07-22 14:17:56,537 [main] INFO  org.springframework.data.repository.config.RepositoryConfigurationDelegate(registerRepositoriesIn:208) - Finished Spring Data repository scanning in 168 ms. Found 6 JPA repository interfaces.
2023-07-22 14:17:58,121 [main] INFO  org.springframework.boot.web.embedded.tomcat.TomcatWebServer(initialize:108) - Tomcat initialized with port(s): 8080 (http)
2023-07-22 14:17:58,429 [main] INFO  org.springframework.boot.web.servlet.context.ServletWebServerApplicationContext(prepareWebApplicationContext:291) - Root WebApplicationContext: initialization completed in 3931 ms
2023-07-22 14:17:59,824 [main] INFO  org.springframework.orm.jpa.persistenceunit.SpringPersistenceUnitInfo(addTransformer:87) - No LoadTimeWeaver setup: ignoring JPA class transformer
2023-07-22 14:18:04,480 [main] INFO  org.springframework.orm.jpa.LocalContainerEntityManagerFactoryBean(buildNativeEntityManagerFactory:437) - Initialized JPA EntityManagerFactory for persistence unit 'default'
2023-07-22 14:18:04,504 [main] WARN  org.springframework.boot.web.servlet.context.AnnotationConfigServletWebServerApplicationContext(refresh:616) - Exception encountered during context initialization - cancelling refresh attempt: org.springframework.beans.factory.BeanCreationException: Error creating bean with name 'controlControl' defined in file [C:\Users\kmc59\OneDrive\πŸ≈¡ »≠∏È\bath\bath_spring\build\classes\java\main\com\manbath\bath\control\ControlControl.class]: null
2023-07-22 14:18:04,505 [main] INFO  org.springframework.orm.jpa.LocalContainerEntityManagerFactoryBean(destroy:650) - Closing JPA EntityManagerFactory for persistence unit 'default'
2023-07-22 14:18:04,686 [main] INFO  org.springframework.boot.autoconfigure.logging.ConditionEvaluationReportLogger(logMessage:82) - 

Error starting ApplicationContext. To display the condition evaluation report re-run your application with 'debug' enabled.
2023-07-22 14:18:04,734 [main] ERROR org.springframework.boot.SpringApplication(reportFailure:824) - Application run failed
org.springframework.beans.factory.BeanCreationException: Error creating bean with name 'controlControl' defined in file [C:\Users\kmc59\OneDrive\πŸ≈¡ »≠∏È\bath\bath_spring\build\classes\java\main\com\manbath\bath\control\ControlControl.class]: null
	at org.springframework.beans.factory.support.AbstractAutowireCapableBeanFactory.instantiateBean(AbstractAutowireCapableBeanFactory.java:1314) ~[spring-beans-6.0.10.jar:6.0.10]
	at org.springframework.beans.factory.support.AbstractAutowireCapableBeanFactory.createBeanInstance(AbstractAutowireCapableBeanFactory.java:1199) ~[spring-beans-6.0.10.jar:6.0.10]
	at org.springframework.beans.factory.support.AbstractAutowireCapableBeanFactory.doCreateBean(AbstractAutowireCapableBeanFactory.java:560) ~[spring-beans-6.0.10.jar:6.0.10]
	at org.springframework.beans.factory.support.AbstractAutowireCapableBeanFactory.createBean(AbstractAutowireCapableBeanFactory.java:520) ~[spring-beans-6.0.10.jar:6.0.10]
	at org.springframework.beans.factory.support.AbstractBeanFactory.lambda$doGetBean$0(AbstractBeanFactory.java:326) ~[spring-beans-6.0.10.jar:6.0.10]
	at org.springframework.beans.factory.support.DefaultSingletonBeanRegistry.getSingleton(DefaultSingletonBeanRegistry.java:234) ~[spring-beans-6.0.10.jar:6.0.10]
	at org.springframework.beans.factory.support.AbstractBeanFactory.doGetBean(AbstractBeanFactory.java:324) ~[spring-beans-6.0.10.jar:6.0.10]
	at org.springframework.beans.factory.support.AbstractBeanFactory.getBean(AbstractBeanFactory.java:200) ~[spring-beans-6.0.10.jar:6.0.10]
	at org.springframework.beans.factory.support.DefaultListableBeanFactory.preInstantiateSingletons(DefaultListableBeanFactory.java:973) ~[spring-beans-6.0.10.jar:6.0.10]
	at org.springframework.context.support.AbstractApplicationContext.finishBeanFactoryInitialization(AbstractApplicationContext.java:941) ~[spring-context-6.0.10.jar:6.0.10]
	at org.springframework.context.support.AbstractApplicationContext.refresh(AbstractApplicationContext.java:608) ~[spring-context-6.0.10.jar:6.0.10]
	at org.springframework.boot.web.servlet.context.ServletWebServerApplicationContext.refresh(ServletWebServerApplicationContext.java:146) ~[spring-boot-3.1.1.jar:3.1.1]
	at org.springframework.boot.SpringApplication.refresh(SpringApplication.java:734) [spring-boot-3.1.1.jar:3.1.1]
	at org.springframework.boot.SpringApplication.refreshContext(SpringApplication.java:436) [spring-boot-3.1.1.jar:3.1.1]
	at org.springframework.boot.SpringApplication.run(SpringApplication.java:312) [spring-boot-3.1.1.jar:3.1.1]
	at org.springframework.boot.SpringApplication.run(SpringApplication.java:1306) [spring-boot-3.1.1.jar:3.1.1]
	at org.springframework.boot.SpringApplication.run(SpringApplication.java:1295) [spring-boot-3.1.1.jar:3.1.1]
	at com.manbath.bath.BathApplication.main(BathApplication.java:22) [main/:?]
Caused by: java.lang.ExceptionInInitializerError
	at jdk.internal.misc.Unsafe.ensureClassInitialized0(Native Method) ~[?:?]
	at jdk.internal.misc.Unsafe.ensureClassInitialized(Unsafe.java:1160) ~[?:?]
	at jdk.internal.reflect.MethodHandleAccessorFactory.ensureClassInitialized(MethodHandleAccessorFactory.java:300) ~[?:?]
	at jdk.internal.reflect.MethodHandleAccessorFactory.newConstructorAccessor(MethodHandleAccessorFactory.java:103) ~[?:?]
	at jdk.internal.reflect.ReflectionFactory.newConstructorAccessor(ReflectionFactory.java:200) ~[?:?]
	at java.lang.reflect.Constructor.acquireConstructorAccessor(Constructor.java:547) ~[?:?]
	at java.lang.reflect.Constructor.newInstanceWithCaller(Constructor.java:497) ~[?:?]
	at java.lang.reflect.Constructor.newInstance(Constructor.java:484) ~[?:?]
	at org.springframework.beans.BeanUtils.instantiateClass(BeanUtils.java:198) ~[spring-beans-6.0.10.jar:6.0.10]
	at org.springframework.beans.factory.support.SimpleInstantiationStrategy.instantiate(SimpleInstantiationStrategy.java:87) ~[spring-beans-6.0.10.jar:6.0.10]
	at org.springframework.beans.factory.support.AbstractAutowireCapableBeanFactory.instantiateBean(AbstractAutowireCapableBeanFactory.java:1308) ~[spring-beans-6.0.10.jar:6.0.10]
	... 17 more
Caused by: java.lang.ClassCastException: class org.apache.logging.slf4j.Log4jLogger cannot be cast to class java.util.logging.Logger (org.apache.logging.slf4j.Log4jLogger is in unnamed module of loader 'app'; java.util.logging.Logger is in module java.logging of loader 'bootstrap')
	at com.manbath.bath.control.ControlControl.<clinit>(ControlControl.java:28) ~[main/:?]
	at jdk.internal.misc.Unsafe.ensureClassInitialized0(Native Method) ~[?:?]
	at jdk.internal.misc.Unsafe.ensureClassInitialized(Unsafe.java:1160) ~[?:?]
	at jdk.internal.reflect.MethodHandleAccessorFactory.ensureClassInitialized(MethodHandleAccessorFactory.java:300) ~[?:?]
	at jdk.internal.reflect.MethodHandleAccessorFactory.newConstructorAccessor(MethodHandleAccessorFactory.java:103) ~[?:?]
	at jdk.internal.reflect.ReflectionFactory.newConstructorAccessor(ReflectionFactory.java:200) ~[?:?]
	at java.lang.reflect.Constructor.acquireConstructorAccessor(Constructor.java:547) ~[?:?]
	at java.lang.reflect.Constructor.newInstanceWithCaller(Constructor.java:497) ~[?:?]
	at java.lang.reflect.Constructor.newInstance(Constructor.java:484) ~[?:?]
	at org.springframework.beans.BeanUtils.instantiateClass(BeanUtils.java:198) ~[spring-beans-6.0.10.jar:6.0.10]
	at org.springframework.beans.factory.support.SimpleInstantiationStrategy.instantiate(SimpleInstantiationStrategy.java:87) ~[spring-beans-6.0.10.jar:6.0.10]
	at org.springframework.beans.factory.support.AbstractAutowireCapableBeanFactory.instantiateBean(AbstractAutowireCapableBeanFactory.java:1308) ~[spring-beans-6.0.10.jar:6.0.10]
	... 17 more
2023-07-22 14:18:26,518 [main] INFO  org.springframework.data.repository.config.RepositoryConfigurationDelegate(registerRepositoriesIn:138) - Bootstrapping Spring Data JPA repositories in DEFAULT mode.
2023-07-22 14:18:26,752 [main] INFO  org.springframework.data.repository.config.RepositoryConfigurationDelegate(registerRepositoriesIn:208) - Finished Spring Data repository scanning in 199 ms. Found 6 JPA repository interfaces.
2023-07-22 14:18:28,461 [main] INFO  org.springframework.boot.web.embedded.tomcat.TomcatWebServer(initialize:108) - Tomcat initialized with port(s): 8080 (http)
2023-07-22 14:18:28,752 [main] INFO  org.springframework.boot.web.servlet.context.ServletWebServerApplicationContext(prepareWebApplicationContext:291) - Root WebApplicationContext: initialization completed in 4237 ms
2023-07-22 14:18:30,085 [main] INFO  org.springframework.orm.jpa.persistenceunit.SpringPersistenceUnitInfo(addTransformer:87) - No LoadTimeWeaver setup: ignoring JPA class transformer
2023-07-22 14:18:34,692 [main] INFO  org.springframework.orm.jpa.LocalContainerEntityManagerFactoryBean(buildNativeEntityManagerFactory:437) - Initialized JPA EntityManagerFactory for persistence unit 'default'
2023-07-22 14:18:36,082 [main] WARN  org.springframework.boot.autoconfigure.orm.jpa.JpaBaseConfiguration$JpaWebConfiguration(openEntityManagerInViewInterceptor:231) - spring.jpa.open-in-view is enabled by default. Therefore, database queries may be performed during view rendering. Explicitly configure spring.jpa.open-in-view to disable this warning
2023-07-22 14:18:36,504 [main] INFO  org.springframework.boot.autoconfigure.web.servlet.WelcomePageHandlerMapping(<init>:57) - Adding welcome page: class path resource [static/index.html]
2023-07-22 14:18:36,945 [main] INFO  org.springframework.boot.web.embedded.tomcat.TomcatWebServer(start:220) - Tomcat started on port(s): 8080 (http) with context path ''
2023-07-22 14:18:41,420 [http-nio-8080-exec-1] INFO  org.springframework.web.servlet.DispatcherServlet(initServletBean:532) - Initializing Servlet 'dispatcherServlet'
2023-07-22 14:18:41,424 [http-nio-8080-exec-1] INFO  org.springframework.web.servlet.DispatcherServlet(initServletBean:554) - Completed initialization in 2 ms
2023-07-22 14:20:02,540 [main] INFO  com.manbath.bath.BathApplication(logStarting:51) - Starting BathApplication using Java 20.0.2 with PID 10836 (C:\Users\kmc59\OneDrive\πŸ≈¡ »≠∏È\bath\bath_spring\build\classes\java\main started by kmc59 in C:\Users\kmc59\OneDrive\πŸ≈¡ »≠∏È\bath\bath_spring)
2023-07-22 14:20:02,568 [main] INFO  com.manbath.bath.BathApplication(logStartupProfileInfo:634) - No active profile set, falling back to 1 default profile: "default"
2023-07-22 14:20:04,439 [main] INFO  org.springframework.data.repository.config.RepositoryConfigurationDelegate(registerRepositoriesIn:138) - Bootstrapping Spring Data JPA repositories in DEFAULT mode.
2023-07-22 14:20:04,707 [main] INFO  org.springframework.data.repository.config.RepositoryConfigurationDelegate(registerRepositoriesIn:208) - Finished Spring Data repository scanning in 246 ms. Found 6 JPA repository interfaces.
2023-07-22 14:20:06,314 [main] INFO  org.springframework.boot.web.embedded.tomcat.TomcatWebServer(initialize:108) - Tomcat initialized with port(s): 8080 (http)
2023-07-22 14:20:06,577 [main] INFO  org.springframework.boot.web.servlet.context.ServletWebServerApplicationContext(prepareWebApplicationContext:291) - Root WebApplicationContext: initialization completed in 3865 ms
2023-07-22 14:20:07,905 [main] INFO  org.springframework.orm.jpa.persistenceunit.SpringPersistenceUnitInfo(addTransformer:87) - No LoadTimeWeaver setup: ignoring JPA class transformer
2023-07-22 14:20:12,501 [main] INFO  org.springframework.orm.jpa.LocalContainerEntityManagerFactoryBean(buildNativeEntityManagerFactory:437) - Initialized JPA EntityManagerFactory for persistence unit 'default'
2023-07-22 14:20:13,855 [main] WARN  org.springframework.boot.autoconfigure.orm.jpa.JpaBaseConfiguration$JpaWebConfiguration(openEntityManagerInViewInterceptor:231) - spring.jpa.open-in-view is enabled by default. Therefore, database queries may be performed during view rendering. Explicitly configure spring.jpa.open-in-view to disable this warning
2023-07-22 14:20:14,218 [main] INFO  org.springframework.boot.autoconfigure.web.servlet.WelcomePageHandlerMapping(<init>:57) - Adding welcome page: class path resource [static/index.html]
2023-07-22 14:20:14,699 [main] INFO  org.springframework.boot.web.embedded.tomcat.TomcatWebServer(start:220) - Tomcat started on port(s): 8080 (http) with context path ''
2023-07-22 14:20:14,721 [main] INFO  com.manbath.bath.BathApplication(logStarted:57) - Started BathApplication in 13.127 seconds (process running for 15.342)
2023-07-22 14:20:19,706 [http-nio-8080-exec-1] INFO  org.springframework.web.servlet.DispatcherServlet(initServletBean:532) - Initializing Servlet 'dispatcherServlet'
2023-07-22 14:20:19,709 [http-nio-8080-exec-1] INFO  org.springframework.web.servlet.DispatcherServlet(initServletBean:554) - Completed initialization in 2 ms
2023-07-22 14:20:19,817 [http-nio-8080-exec-1] INFO  com.manbath.bath.control.ControlControl(controlGet:33) - control get id:1
2023-07-22 14:20:19,872 [http-nio-8080-exec-1] INFO  com.manbath.bath.service.ControlService(findByBathid:37) - Control findByBathid id :1
2023-07-22 14:21:07,264 [main] INFO  com.manbath.bath.BathApplication(logStarting:51) - Starting BathApplication using Java 20.0.2 with PID 13868 (C:\Users\kmc59\OneDrive\πŸ≈¡ »≠∏È\bath\bath_spring\build\classes\java\main started by kmc59 in C:\Users\kmc59\OneDrive\πŸ≈¡ »≠∏È\bath\bath_spring)
2023-07-22 14:21:07,303 [main] INFO  com.manbath.bath.BathApplication(logStartupProfileInfo:634) - No active profile set, falling back to 1 default profile: "default"
2023-07-22 14:21:09,110 [main] INFO  org.springframework.data.repository.config.RepositoryConfigurationDelegate(registerRepositoriesIn:138) - Bootstrapping Spring Data JPA repositories in DEFAULT mode.
2023-07-22 14:21:09,395 [main] INFO  org.springframework.data.repository.config.RepositoryConfigurationDelegate(registerRepositoriesIn:208) - Finished Spring Data repository scanning in 249 ms. Found 6 JPA repository interfaces.
2023-07-22 14:21:11,101 [main] INFO  org.springframework.boot.web.embedded.tomcat.TomcatWebServer(initialize:108) - Tomcat initialized with port(s): 8080 (http)
2023-07-22 14:21:11,370 [main] INFO  org.springframework.boot.web.servlet.context.ServletWebServerApplicationContext(prepareWebApplicationContext:291) - Root WebApplicationContext: initialization completed in 3915 ms
2023-07-22 14:21:12,769 [main] INFO  org.springframework.orm.jpa.persistenceunit.SpringPersistenceUnitInfo(addTransformer:87) - No LoadTimeWeaver setup: ignoring JPA class transformer
2023-07-22 14:21:17,547 [main] INFO  org.springframework.orm.jpa.LocalContainerEntityManagerFactoryBean(buildNativeEntityManagerFactory:437) - Initialized JPA EntityManagerFactory for persistence unit 'default'
2023-07-22 14:21:18,910 [main] WARN  org.springframework.boot.autoconfigure.orm.jpa.JpaBaseConfiguration$JpaWebConfiguration(openEntityManagerInViewInterceptor:231) - spring.jpa.open-in-view is enabled by default. Therefore, database queries may be performed during view rendering. Explicitly configure spring.jpa.open-in-view to disable this warning
2023-07-22 14:21:19,315 [main] INFO  org.springframework.boot.autoconfigure.web.servlet.WelcomePageHandlerMapping(<init>:57) - Adding welcome page: class path resource [static/index.html]
2023-07-22 14:21:19,792 [main] INFO  org.springframework.boot.web.embedded.tomcat.TomcatWebServer(start:220) - Tomcat started on port(s): 8080 (http) with context path ''
2023-07-22 14:21:19,816 [main] INFO  com.manbath.bath.BathApplication(logStarted:57) - Started BathApplication in 13.516 seconds (process running for 15.7)
2023-07-22 14:21:23,443 [http-nio-8080-exec-2] INFO  org.springframework.web.servlet.DispatcherServlet(initServletBean:532) - Initializing Servlet 'dispatcherServlet'
2023-07-22 14:21:23,445 [http-nio-8080-exec-2] INFO  org.springframework.web.servlet.DispatcherServlet(initServletBean:554) - Completed initialization in 2 ms
2023-07-22 14:21:23,549 [http-nio-8080-exec-2] INFO  com.manbath.bath.control.ControlControl(controlGet:33) - control get id:1
2023-07-22 14:21:23,604 [http-nio-8080-exec-2] INFO  com.manbath.bath.service.ControlService(findByBathid:37) - Control findByBathid id :1
2023-07-22 14:21:39,826 [main] INFO  com.manbath.bath.BathApplication(logStarting:51) - Starting BathApplication using Java 20.0.2 with PID 17412 (C:\Users\kmc59\OneDrive\πŸ≈¡ »≠∏È\bath\bath_spring\build\classes\java\main started by kmc59 in C:\Users\kmc59\OneDrive\πŸ≈¡ »≠∏È\bath\bath_spring)
2023-07-22 14:21:39,863 [main] INFO  com.manbath.bath.BathApplication(logStartupProfileInfo:634) - No active profile set, falling back to 1 default profile: "default"
2023-07-22 14:21:41,701 [main] INFO  org.springframework.data.repository.config.RepositoryConfigurationDelegate(registerRepositoriesIn:138) - Bootstrapping Spring Data JPA repositories in DEFAULT mode.
2023-07-22 14:21:41,967 [main] INFO  org.springframework.data.repository.config.RepositoryConfigurationDelegate(registerRepositoriesIn:208) - Finished Spring Data repository scanning in 238 ms. Found 6 JPA repository interfaces.
2023-07-22 14:21:43,553 [main] INFO  org.springframework.boot.web.embedded.tomcat.TomcatWebServer(initialize:108) - Tomcat initialized with port(s): 8080 (http)
2023-07-22 14:21:43,811 [main] INFO  org.springframework.boot.web.servlet.context.ServletWebServerApplicationContext(prepareWebApplicationContext:291) - Root WebApplicationContext: initialization completed in 3806 ms
2023-07-22 14:21:45,090 [main] INFO  org.springframework.orm.jpa.persistenceunit.SpringPersistenceUnitInfo(addTransformer:87) - No LoadTimeWeaver setup: ignoring JPA class transformer
2023-07-22 14:21:49,831 [main] INFO  org.springframework.orm.jpa.LocalContainerEntityManagerFactoryBean(buildNativeEntityManagerFactory:437) - Initialized JPA EntityManagerFactory for persistence unit 'default'
2023-07-22 14:21:51,239 [main] WARN  org.springframework.boot.autoconfigure.orm.jpa.JpaBaseConfiguration$JpaWebConfiguration(openEntityManagerInViewInterceptor:231) - spring.jpa.open-in-view is enabled by default. Therefore, database queries may be performed during view rendering. Explicitly configure spring.jpa.open-in-view to disable this warning
2023-07-22 14:21:51,635 [main] INFO  org.springframework.boot.autoconfigure.web.servlet.WelcomePageHandlerMapping(<init>:57) - Adding welcome page: class path resource [static/index.html]
2023-07-22 14:21:52,117 [main] INFO  org.springframework.boot.web.embedded.tomcat.TomcatWebServer(start:220) - Tomcat started on port(s): 8080 (http) with context path ''
2023-07-22 14:21:52,139 [main] INFO  com.manbath.bath.BathApplication(logStarted:57) - Started BathApplication in 13.297 seconds (process running for 15.444)
2023-07-22 14:21:55,764 [http-nio-8080-exec-3] INFO  org.springframework.web.servlet.DispatcherServlet(initServletBean:532) - Initializing Servlet 'dispatcherServlet'
2023-07-22 14:21:55,768 [http-nio-8080-exec-3] INFO  org.springframework.web.servlet.DispatcherServlet(initServletBean:554) - Completed initialization in 2 ms
2023-07-22 14:21:55,881 [http-nio-8080-exec-3] INFO  com.manbath.bath.control.ControlControl(controlGet:33) - control get id:1
2023-07-22 14:21:55,938 [http-nio-8080-exec-3] INFO  com.manbath.bath.service.ControlService(findByBathid:37) - Control findByBathid id :1
2023-07-22 14:22:16,338 [main] INFO  org.springframework.data.repository.config.RepositoryConfigurationDelegate(registerRepositoriesIn:138) - Bootstrapping Spring Data JPA repositories in DEFAULT mode.
2023-07-22 14:22:16,593 [main] INFO  org.springframework.data.repository.config.RepositoryConfigurationDelegate(registerRepositoriesIn:208) - Finished Spring Data repository scanning in 232 ms. Found 6 JPA repository interfaces.
2023-07-22 14:22:18,229 [main] INFO  org.springframework.boot.web.embedded.tomcat.TomcatWebServer(initialize:108) - Tomcat initialized with port(s): 8080 (http)
2023-07-22 14:22:18,490 [main] INFO  org.springframework.boot.web.servlet.context.ServletWebServerApplicationContext(prepareWebApplicationContext:291) - Root WebApplicationContext: initialization completed in 4030 ms
2023-07-22 14:22:19,841 [main] INFO  org.springframework.orm.jpa.persistenceunit.SpringPersistenceUnitInfo(addTransformer:87) - No LoadTimeWeaver setup: ignoring JPA class transformer
2023-07-22 14:22:24,954 [main] INFO  org.springframework.orm.jpa.LocalContainerEntityManagerFactoryBean(buildNativeEntityManagerFactory:437) - Initialized JPA EntityManagerFactory for persistence unit 'default'
2023-07-22 14:22:26,198 [main] WARN  org.springframework.boot.autoconfigure.orm.jpa.JpaBaseConfiguration$JpaWebConfiguration(openEntityManagerInViewInterceptor:231) - spring.jpa.open-in-view is enabled by default. Therefore, database queries may be performed during view rendering. Explicitly configure spring.jpa.open-in-view to disable this warning
2023-07-22 14:22:26,656 [main] INFO  org.springframework.boot.autoconfigure.web.servlet.WelcomePageHandlerMapping(<init>:57) - Adding welcome page: class path resource [static/index.html]
2023-07-22 14:22:27,188 [main] INFO  org.springframework.boot.web.embedded.tomcat.TomcatWebServer(start:220) - Tomcat started on port(s): 8080 (http) with context path ''
2023-07-22 14:22:47,706 [http-nio-8080-exec-1] INFO  org.springframework.web.servlet.DispatcherServlet(initServletBean:532) - Initializing Servlet 'dispatcherServlet'
2023-07-22 14:22:47,709 [http-nio-8080-exec-1] INFO  org.springframework.web.servlet.DispatcherServlet(initServletBean:554) - Completed initialization in 2 ms
2023-07-22 14:23:43,902 [main] INFO  com.manbath.bath.BathApplication(logStarting:51) - Starting BathApplication using Java 20.0.2 with PID 10928 (C:\Users\kmc59\OneDrive\πŸ≈¡ »≠∏È\bath\bath_spring\build\classes\java\main started by kmc59 in C:\Users\kmc59\OneDrive\πŸ≈¡ »≠∏È\bath\bath_spring)
2023-07-22 14:23:43,940 [main] INFO  com.manbath.bath.BathApplication(logStartupProfileInfo:634) - No active profile set, falling back to 1 default profile: "default"
2023-07-22 14:23:45,813 [main] INFO  org.springframework.data.repository.config.RepositoryConfigurationDelegate(registerRepositoriesIn:138) - Bootstrapping Spring Data JPA repositories in DEFAULT mode.
2023-07-22 14:23:46,109 [main] INFO  org.springframework.data.repository.config.RepositoryConfigurationDelegate(registerRepositoriesIn:208) - Finished Spring Data repository scanning in 263 ms. Found 6 JPA repository interfaces.
2023-07-22 14:23:47,697 [main] INFO  org.springframework.boot.web.embedded.tomcat.TomcatWebServer(initialize:108) - Tomcat initialized with port(s): 8080 (http)
2023-07-22 14:23:47,939 [main] INFO  org.springframework.boot.web.servlet.context.ServletWebServerApplicationContext(prepareWebApplicationContext:291) - Root WebApplicationContext: initialization completed in 3846 ms
2023-07-22 14:23:49,335 [main] INFO  org.springframework.orm.jpa.persistenceunit.SpringPersistenceUnitInfo(addTransformer:87) - No LoadTimeWeaver setup: ignoring JPA class transformer
2023-07-22 14:23:54,115 [main] INFO  org.springframework.orm.jpa.LocalContainerEntityManagerFactoryBean(buildNativeEntityManagerFactory:437) - Initialized JPA EntityManagerFactory for persistence unit 'default'
2023-07-22 14:23:55,307 [main] WARN  org.springframework.boot.autoconfigure.orm.jpa.JpaBaseConfiguration$JpaWebConfiguration(openEntityManagerInViewInterceptor:231) - spring.jpa.open-in-view is enabled by default. Therefore, database queries may be performed during view rendering. Explicitly configure spring.jpa.open-in-view to disable this warning
2023-07-22 14:23:55,630 [main] INFO  org.springframework.boot.autoconfigure.web.servlet.WelcomePageHandlerMapping(<init>:57) - Adding welcome page: class path resource [static/index.html]
2023-07-22 14:23:56,184 [main] INFO  org.springframework.boot.web.embedded.tomcat.TomcatWebServer(start:220) - Tomcat started on port(s): 8080 (http) with context path ''
2023-07-22 14:23:56,209 [main] INFO  com.manbath.bath.BathApplication(logStarted:57) - Started BathApplication in 13.211 seconds (process running for 15.678)
2023-07-22 14:24:01,057 [http-nio-8080-exec-2] INFO  org.springframework.web.servlet.DispatcherServlet(initServletBean:532) - Initializing Servlet 'dispatcherServlet'
2023-07-22 14:24:01,060 [http-nio-8080-exec-2] INFO  org.springframework.web.servlet.DispatcherServlet(initServletBean:554) - Completed initialization in 2 ms
2023-07-22 14:24:01,173 [http-nio-8080-exec-2] INFO  com.manbath.bath.control.ControlControl(controlGet:33) - control get id:1
2023-07-22 14:24:01,226 [http-nio-8080-exec-2] INFO  com.manbath.bath.service.ControlService(findByBathid:37) - Control findByBathid id :1
2023-07-22 14:24:42,513 [http-nio-8080-exec-3] INFO  com.manbath.bath.control.ControlControl(controlGet:33) - control get id:1
2023-07-22 14:24:42,553 [http-nio-8080-exec-3] INFO  com.manbath.bath.service.ControlService(findByBathid:37) - Control findByBathid id :1
2023-07-22 14:24:50,089 [main] INFO  com.manbath.bath.BathApplication(logStarting:51) - Starting BathApplication using Java 20.0.2 with PID 2172 (C:\Users\kmc59\OneDrive\πŸ≈¡ »≠∏È\bath\bath_spring\build\classes\java\main started by kmc59 in C:\Users\kmc59\OneDrive\πŸ≈¡ »≠∏È\bath\bath_spring)
2023-07-22 14:24:50,145 [main] INFO  com.manbath.bath.BathApplication(logStartupProfileInfo:634) - No active profile set, falling back to 1 default profile: "default"
2023-07-22 14:24:52,017 [main] INFO  org.springframework.data.repository.config.RepositoryConfigurationDelegate(registerRepositoriesIn:138) - Bootstrapping Spring Data JPA repositories in DEFAULT mode.
2023-07-22 14:24:52,293 [main] INFO  org.springframework.data.repository.config.RepositoryConfigurationDelegate(registerRepositoriesIn:208) - Finished Spring Data repository scanning in 252 ms. Found 6 JPA repository interfaces.
2023-07-22 14:24:54,038 [main] INFO  org.springframework.boot.web.embedded.tomcat.TomcatWebServer(initialize:108) - Tomcat initialized with port(s): 8080 (http)
2023-07-22 14:24:54,286 [main] INFO  org.springframework.boot.web.servlet.context.ServletWebServerApplicationContext(prepareWebApplicationContext:291) - Root WebApplicationContext: initialization completed in 3979 ms
2023-07-22 14:24:55,933 [main] INFO  org.springframework.orm.jpa.persistenceunit.SpringPersistenceUnitInfo(addTransformer:87) - No LoadTimeWeaver setup: ignoring JPA class transformer
2023-07-22 14:25:00,629 [main] INFO  org.springframework.orm.jpa.LocalContainerEntityManagerFactoryBean(buildNativeEntityManagerFactory:437) - Initialized JPA EntityManagerFactory for persistence unit 'default'
2023-07-22 14:25:01,971 [main] WARN  org.springframework.boot.autoconfigure.orm.jpa.JpaBaseConfiguration$JpaWebConfiguration(openEntityManagerInViewInterceptor:231) - spring.jpa.open-in-view is enabled by default. Therefore, database queries may be performed during view rendering. Explicitly configure spring.jpa.open-in-view to disable this warning
2023-07-22 14:25:02,347 [main] INFO  org.springframework.boot.autoconfigure.web.servlet.WelcomePageHandlerMapping(<init>:57) - Adding welcome page: class path resource [static/index.html]
2023-07-22 14:25:02,785 [main] INFO  org.springframework.boot.web.embedded.tomcat.TomcatWebServer(start:220) - Tomcat started on port(s): 8080 (http) with context path ''
2023-07-22 14:25:02,810 [main] INFO  com.manbath.bath.BathApplication(logStarted:57) - Started BathApplication in 13.666 seconds (process running for 16.119)
2023-07-22 14:25:09,802 [http-nio-8080-exec-1] INFO  org.springframework.web.servlet.DispatcherServlet(initServletBean:532) - Initializing Servlet 'dispatcherServlet'
2023-07-22 14:25:09,805 [http-nio-8080-exec-1] INFO  org.springframework.web.servlet.DispatcherServlet(initServletBean:554) - Completed initialization in 2 ms
2023-07-22 14:25:09,906 [http-nio-8080-exec-1] INFO  com.manbath.bath.control.ControlControl(controlGet:33) - control get id:1
2023-07-22 14:25:09,996 [http-nio-8080-exec-1] INFO  com.manbath.bath.service.ControlService(findByBathid:37) - Control findByBathid id :1
2023-07-22 14:25:38,337 [main] INFO  com.manbath.bath.BathApplication(logStarting:51) - Starting BathApplication using Java 20.0.2 with PID 17860 (C:\Users\kmc59\OneDrive\πŸ≈¡ »≠∏È\bath\bath_spring\build\classes\java\main started by kmc59 in C:\Users\kmc59\OneDrive\πŸ≈¡ »≠∏È\bath\bath_spring)
2023-07-22 14:25:38,370 [main] INFO  com.manbath.bath.BathApplication(logStartupProfileInfo:634) - No active profile set, falling back to 1 default profile: "default"
2023-07-22 14:25:40,219 [main] INFO  org.springframework.data.repository.config.RepositoryConfigurationDelegate(registerRepositoriesIn:138) - Bootstrapping Spring Data JPA repositories in DEFAULT mode.
2023-07-22 14:25:40,479 [main] INFO  org.springframework.data.repository.config.RepositoryConfigurationDelegate(registerRepositoriesIn:208) - Finished Spring Data repository scanning in 229 ms. Found 6 JPA repository interfaces.
2023-07-22 14:25:42,105 [main] INFO  org.springframework.boot.web.embedded.tomcat.TomcatWebServer(initialize:108) - Tomcat initialized with port(s): 8080 (http)
2023-07-22 14:25:42,361 [main] INFO  org.springframework.boot.web.servlet.context.ServletWebServerApplicationContext(prepareWebApplicationContext:291) - Root WebApplicationContext: initialization completed in 3856 ms
2023-07-22 14:25:43,949 [main] INFO  org.springframework.orm.jpa.persistenceunit.SpringPersistenceUnitInfo(addTransformer:87) - No LoadTimeWeaver setup: ignoring JPA class transformer
2023-07-22 14:25:50,058 [main] INFO  org.springframework.orm.jpa.LocalContainerEntityManagerFactoryBean(buildNativeEntityManagerFactory:437) - Initialized JPA EntityManagerFactory for persistence unit 'default'
2023-07-22 14:25:51,762 [main] WARN  org.springframework.boot.autoconfigure.orm.jpa.JpaBaseConfiguration$JpaWebConfiguration(openEntityManagerInViewInterceptor:231) - spring.jpa.open-in-view is enabled by default. Therefore, database queries may be performed during view rendering. Explicitly configure spring.jpa.open-in-view to disable this warning
2023-07-22 14:25:52,357 [main] INFO  org.springframework.boot.autoconfigure.web.servlet.WelcomePageHandlerMapping(<init>:57) - Adding welcome page: class path resource [static/index.html]
2023-07-22 14:25:52,935 [main] INFO  org.springframework.boot.web.embedded.tomcat.TomcatWebServer(start:220) - Tomcat started on port(s): 8080 (http) with context path ''
2023-07-22 14:25:52,953 [main] INFO  com.manbath.bath.BathApplication(logStarted:57) - Started BathApplication in 15.588 seconds (process running for 17.79)
2023-07-22 14:25:54,267 [http-nio-8080-exec-1] INFO  org.springframework.web.servlet.DispatcherServlet(initServletBean:532) - Initializing Servlet 'dispatcherServlet'
2023-07-22 14:25:54,271 [http-nio-8080-exec-1] INFO  org.springframework.web.servlet.DispatcherServlet(initServletBean:554) - Completed initialization in 3 ms
2023-07-22 14:25:54,368 [http-nio-8080-exec-1] INFO  com.manbath.bath.control.ControlControl(controlGet:33) - control get id:1
2023-07-22 14:25:54,420 [http-nio-8080-exec-1] INFO  com.manbath.bath.service.ControlService(findByBathid:37) - Control findByBathid id :1
