2023-10-21 00:04:06,940 [main] INFO  com.manbath.bath.BathApplication(logStarting:51) - Starting BathApplication using Java 20.0.2 with PID 524 (C:\Users\kmc59\OneDrive\바탕 화면\새 폴더\bath\bath_spring\build\classes\java\main started by kmc59 in C:\Users\kmc59\OneDrive\바탕 화면\새 폴더\bath\bath_spring)
2023-10-21 00:04:07,006 [main] INFO  com.manbath.bath.BathApplication(logStartupProfileInfo:640) - The following 1 profile is active: "db"
2023-10-21 00:04:08,823 [main] INFO  org.springframework.data.repository.config.RepositoryConfigurationDelegate(registerRepositoriesIn:138) - Bootstrapping Spring Data JPA repositories in DEFAULT mode.
2023-10-21 00:04:08,992 [main] INFO  org.springframework.data.repository.config.RepositoryConfigurationDelegate(registerRepositoriesIn:208) - Finished Spring Data repository scanning in 141 ms. Found 6 JPA repository interfaces.
2023-10-21 00:04:10,026 [main] INFO  org.springframework.boot.web.embedded.tomcat.TomcatWebServer(initialize:108) - Tomcat initialized with port(s): 8080 (http)
2023-10-21 00:04:10,195 [main] INFO  org.springframework.boot.web.servlet.context.ServletWebServerApplicationContext(prepareWebApplicationContext:291) - Root WebApplicationContext: initialization completed in 3035 ms
2023-10-21 00:04:11,096 [main] INFO  org.springframework.orm.jpa.persistenceunit.SpringPersistenceUnitInfo(addTransformer:87) - No LoadTimeWeaver setup: ignoring JPA class transformer
2023-10-21 00:04:11,997 [main] ERROR org.springframework.orm.jpa.LocalContainerEntityManagerFactoryBean(buildNativeEntityManagerFactory:426) - Failed to initialize JPA EntityManagerFactory: Table [user] contains logical column name [UserId] referring to multiple physical column names: [userid], [user_id]
2023-10-21 00:04:11,998 [main] WARN  org.springframework.boot.web.servlet.context.AnnotationConfigServletWebServerApplicationContext(refresh:616) - Exception encountered during context initialization - cancelling refresh attempt: org.springframework.beans.factory.BeanCreationException: Error creating bean with name 'entityManagerFactory' defined in class path resource [org/springframework/boot/autoconfigure/orm/jpa/HibernateJpaConfiguration.class]: Table [user] contains logical column name [UserId] referring to multiple physical column names: [userid], [user_id]
2023-10-21 00:04:12,159 [main] INFO  org.springframework.boot.autoconfigure.logging.ConditionEvaluationReportLogger(logMessage:82) - 

Error starting ApplicationContext. To display the condition evaluation report re-run your application with 'debug' enabled.
2023-10-21 00:04:12,189 [main] ERROR org.springframework.boot.SpringApplication(reportFailure:824) - Application run failed
org.springframework.beans.factory.BeanCreationException: Error creating bean with name 'entityManagerFactory' defined in class path resource [org/springframework/boot/autoconfigure/orm/jpa/HibernateJpaConfiguration.class]: Table [user] contains logical column name [UserId] referring to multiple physical column names: [userid], [user_id]
	at org.springframework.beans.factory.support.AbstractAutowireCapableBeanFactory.initializeBean(AbstractAutowireCapableBeanFactory.java:1770) ~[spring-beans-6.0.10.jar:6.0.10]
	at org.springframework.beans.factory.support.AbstractAutowireCapableBeanFactory.doCreateBean(AbstractAutowireCapableBeanFactory.java:598) ~[spring-beans-6.0.10.jar:6.0.10]
	at org.springframework.beans.factory.support.AbstractAutowireCapableBeanFactory.createBean(AbstractAutowireCapableBeanFactory.java:520) ~[spring-beans-6.0.10.jar:6.0.10]
	at org.springframework.beans.factory.support.AbstractBeanFactory.lambda$doGetBean$0(AbstractBeanFactory.java:326) ~[spring-beans-6.0.10.jar:6.0.10]
	at org.springframework.beans.factory.support.DefaultSingletonBeanRegistry.getSingleton(DefaultSingletonBeanRegistry.java:234) ~[spring-beans-6.0.10.jar:6.0.10]
	at org.springframework.beans.factory.support.AbstractBeanFactory.doGetBean(AbstractBeanFactory.java:324) ~[spring-beans-6.0.10.jar:6.0.10]
	at org.springframework.beans.factory.support.AbstractBeanFactory.getBean(AbstractBeanFactory.java:200) ~[spring-beans-6.0.10.jar:6.0.10]
	at org.springframework.context.support.AbstractApplicationContext.getBean(AbstractApplicationContext.java:1154) ~[spring-context-6.0.10.jar:6.0.10]
	at org.springframework.context.support.AbstractApplicationContext.finishBeanFactoryInitialization(AbstractApplicationContext.java:931) ~[spring-context-6.0.10.jar:6.0.10]
	at org.springframework.context.support.AbstractApplicationContext.refresh(AbstractApplicationContext.java:608) ~[spring-context-6.0.10.jar:6.0.10]
	at org.springframework.boot.web.servlet.context.ServletWebServerApplicationContext.refresh(ServletWebServerApplicationContext.java:146) ~[spring-boot-3.1.1.jar:3.1.1]
	at org.springframework.boot.SpringApplication.refresh(SpringApplication.java:734) [spring-boot-3.1.1.jar:3.1.1]
	at org.springframework.boot.SpringApplication.refreshContext(SpringApplication.java:436) [spring-boot-3.1.1.jar:3.1.1]
	at org.springframework.boot.SpringApplication.run(SpringApplication.java:312) [spring-boot-3.1.1.jar:3.1.1]
	at org.springframework.boot.SpringApplication.run(SpringApplication.java:1306) [spring-boot-3.1.1.jar:3.1.1]
	at org.springframework.boot.SpringApplication.run(SpringApplication.java:1295) [spring-boot-3.1.1.jar:3.1.1]
	at com.manbath.bath.BathApplication.main(BathApplication.java:24) [main/:?]
Caused by: org.hibernate.DuplicateMappingException: Table [user] contains logical column name [UserId] referring to multiple physical column names: [userid], [user_id]
	at org.hibernate.boot.internal.InFlightMetadataCollectorImpl$TableColumnNameBinding.bindLogicalToPhysical(InFlightMetadataCollectorImpl.java:1097) ~[hibernate-core-6.2.5.Final.jar:6.2.5.Final]
	at org.hibernate.boot.internal.InFlightMetadataCollectorImpl$TableColumnNameBinding.addBinding(InFlightMetadataCollectorImpl.java:1085) ~[hibernate-core-6.2.5.Final.jar:6.2.5.Final]
	at org.hibernate.boot.internal.InFlightMetadataCollectorImpl.addColumnNameBinding(InFlightMetadataCollectorImpl.java:1156) ~[hibernate-core-6.2.5.Final.jar:6.2.5.Final]
	at org.hibernate.boot.internal.InFlightMetadataCollectorImpl.addColumnNameBinding(InFlightMetadataCollectorImpl.java:1137) ~[hibernate-core-6.2.5.Final.jar:6.2.5.Final]
	at org.hibernate.boot.model.internal.AnnotatedColumn.addColumnBinding(AnnotatedColumn.java:454) ~[hibernate-core-6.2.5.Final.jar:6.2.5.Final]
	at org.hibernate.boot.model.internal.AnnotatedColumn.linkWithValue(AnnotatedColumn.java:417) ~[hibernate-core-6.2.5.Final.jar:6.2.5.Final]
	at org.hibernate.boot.model.internal.BasicValueBinder.linkWithValue(BasicValueBinder.java:1264) ~[hibernate-core-6.2.5.Final.jar:6.2.5.Final]
	at org.hibernate.boot.model.internal.BasicValueBinder.make(BasicValueBinder.java:1226) ~[hibernate-core-6.2.5.Final.jar:6.2.5.Final]
	at org.hibernate.boot.model.internal.PropertyBinder.makePropertyAndValue(PropertyBinder.java:267) ~[hibernate-core-6.2.5.Final.jar:6.2.5.Final]
	at org.hibernate.boot.model.internal.PropertyBinder.makePropertyValueAndBind(PropertyBinder.java:293) ~[hibernate-core-6.2.5.Final.jar:6.2.5.Final]
	at org.hibernate.boot.model.internal.PropertyBinder.createBasicBinder(PropertyBinder.java:1146) ~[hibernate-core-6.2.5.Final.jar:6.2.5.Final]
	at org.hibernate.boot.model.internal.PropertyBinder.bindBasic(PropertyBinder.java:1048) ~[hibernate-core-6.2.5.Final.jar:6.2.5.Final]
	at org.hibernate.boot.model.internal.PropertyBinder.bindProperty(PropertyBinder.java:867) ~[hibernate-core-6.2.5.Final.jar:6.2.5.Final]
	at org.hibernate.boot.model.internal.PropertyBinder.buildProperty(PropertyBinder.java:765) ~[hibernate-core-6.2.5.Final.jar:6.2.5.Final]
	at org.hibernate.boot.model.internal.PropertyBinder.processElementAnnotations(PropertyBinder.java:686) ~[hibernate-core-6.2.5.Final.jar:6.2.5.Final]
	at org.hibernate.boot.model.internal.EntityBinder.processIdPropertiesIfNotAlready(EntityBinder.java:967) ~[hibernate-core-6.2.5.Final.jar:6.2.5.Final]
	at org.hibernate.boot.model.internal.EntityBinder.handleIdentifier(EntityBinder.java:302) ~[hibernate-core-6.2.5.Final.jar:6.2.5.Final]
	at org.hibernate.boot.model.internal.EntityBinder.bindEntityClass(EntityBinder.java:228) ~[hibernate-core-6.2.5.Final.jar:6.2.5.Final]
	at org.hibernate.boot.model.internal.AnnotationBinder.bindClass(AnnotationBinder.java:417) ~[hibernate-core-6.2.5.Final.jar:6.2.5.Final]
	at org.hibernate.boot.model.source.internal.annotations.AnnotationMetadataSourceProcessorImpl.processEntityHierarchies(AnnotationMetadataSourceProcessorImpl.java:255) ~[hibernate-core-6.2.5.Final.jar:6.2.5.Final]
	at org.hibernate.boot.model.process.spi.MetadataBuildingProcess$1.processEntityHierarchies(MetadataBuildingProcess.java:275) ~[hibernate-core-6.2.5.Final.jar:6.2.5.Final]
	at org.hibernate.boot.model.process.spi.MetadataBuildingProcess.complete(MetadataBuildingProcess.java:318) ~[hibernate-core-6.2.5.Final.jar:6.2.5.Final]
	at org.hibernate.jpa.boot.internal.EntityManagerFactoryBuilderImpl.metadata(EntityManagerFactoryBuilderImpl.java:1380) ~[hibernate-core-6.2.5.Final.jar:6.2.5.Final]
	at org.hibernate.jpa.boot.internal.EntityManagerFactoryBuilderImpl.build(EntityManagerFactoryBuilderImpl.java:1451) ~[hibernate-core-6.2.5.Final.jar:6.2.5.Final]
	at org.springframework.orm.jpa.vendor.SpringHibernateJpaPersistenceProvider.createContainerEntityManagerFactory(SpringHibernateJpaPersistenceProvider.java:75) ~[spring-orm-6.0.10.jar:6.0.10]
	at org.springframework.orm.jpa.LocalContainerEntityManagerFactoryBean.createNativeEntityManagerFactory(LocalContainerEntityManagerFactoryBean.java:376) ~[spring-orm-6.0.10.jar:6.0.10]
	at org.springframework.orm.jpa.AbstractEntityManagerFactoryBean.buildNativeEntityManagerFactory(AbstractEntityManagerFactoryBean.java:409) ~[spring-orm-6.0.10.jar:6.0.10]
	at org.springframework.orm.jpa.AbstractEntityManagerFactoryBean.afterPropertiesSet(AbstractEntityManagerFactoryBean.java:396) ~[spring-orm-6.0.10.jar:6.0.10]
	at org.springframework.orm.jpa.LocalContainerEntityManagerFactoryBean.afterPropertiesSet(LocalContainerEntityManagerFactoryBean.java:352) ~[spring-orm-6.0.10.jar:6.0.10]
	at org.springframework.beans.factory.support.AbstractAutowireCapableBeanFactory.invokeInitMethods(AbstractAutowireCapableBeanFactory.java:1816) ~[spring-beans-6.0.10.jar:6.0.10]
	at org.springframework.beans.factory.support.AbstractAutowireCapableBeanFactory.initializeBean(AbstractAutowireCapableBeanFactory.java:1766) ~[spring-beans-6.0.10.jar:6.0.10]
	... 16 more
2023-10-21 00:05:44,370 [main] INFO  com.manbath.bath.BathApplication(logStarting:51) - Starting BathApplication using Java 20.0.2 with PID 10032 (C:\Users\kmc59\OneDrive\바탕 화면\새 폴더\bath\bath_spring\build\classes\java\main started by kmc59 in C:\Users\kmc59\OneDrive\바탕 화면\새 폴더\bath\bath_spring)
2023-10-21 00:05:44,389 [main] INFO  com.manbath.bath.BathApplication(logStartupProfileInfo:640) - The following 1 profile is active: "db"
2023-10-21 00:05:45,648 [main] INFO  org.springframework.data.repository.config.RepositoryConfigurationDelegate(registerRepositoriesIn:138) - Bootstrapping Spring Data JPA repositories in DEFAULT mode.
2023-10-21 00:05:45,754 [main] INFO  org.springframework.data.repository.config.RepositoryConfigurationDelegate(registerRepositoriesIn:208) - Finished Spring Data repository scanning in 93 ms. Found 6 JPA repository interfaces.
2023-10-21 00:05:46,579 [main] INFO  org.springframework.boot.web.embedded.tomcat.TomcatWebServer(initialize:108) - Tomcat initialized with port(s): 8080 (http)
2023-10-21 00:05:46,745 [main] INFO  org.springframework.boot.web.servlet.context.ServletWebServerApplicationContext(prepareWebApplicationContext:291) - Root WebApplicationContext: initialization completed in 2283 ms
2023-10-21 00:05:47,639 [main] INFO  org.springframework.orm.jpa.persistenceunit.SpringPersistenceUnitInfo(addTransformer:87) - No LoadTimeWeaver setup: ignoring JPA class transformer
2023-10-21 00:05:48,818 [main] ERROR org.springframework.orm.jpa.LocalContainerEntityManagerFactoryBean(buildNativeEntityManagerFactory:426) - Failed to initialize JPA EntityManagerFactory: [PersistenceUnit: default] Unable to build Hibernate SessionFactory; nested exception is org.hibernate.MappingException: Column 'userid' is duplicated in mapping for entity 'com.manbath.bath.entitiy.User' (use '@Column(insertable=false, updatable=false)' when mapping multiple properties to the same column)
2023-10-21 00:05:48,819 [main] WARN  org.springframework.boot.web.servlet.context.AnnotationConfigServletWebServerApplicationContext(refresh:616) - Exception encountered during context initialization - cancelling refresh attempt: org.springframework.beans.factory.BeanCreationException: Error creating bean with name 'entityManagerFactory' defined in class path resource [org/springframework/boot/autoconfigure/orm/jpa/HibernateJpaConfiguration.class]: [PersistenceUnit: default] Unable to build Hibernate SessionFactory; nested exception is org.hibernate.MappingException: Column 'userid' is duplicated in mapping for entity 'com.manbath.bath.entitiy.User' (use '@Column(insertable=false, updatable=false)' when mapping multiple properties to the same column)
2023-10-21 00:05:49,036 [main] INFO  org.springframework.boot.autoconfigure.logging.ConditionEvaluationReportLogger(logMessage:82) - 

Error starting ApplicationContext. To display the condition evaluation report re-run your application with 'debug' enabled.
2023-10-21 00:05:49,065 [main] ERROR org.springframework.boot.SpringApplication(reportFailure:824) - Application run failed
org.springframework.beans.factory.BeanCreationException: Error creating bean with name 'entityManagerFactory' defined in class path resource [org/springframework/boot/autoconfigure/orm/jpa/HibernateJpaConfiguration.class]: [PersistenceUnit: default] Unable to build Hibernate SessionFactory; nested exception is org.hibernate.MappingException: Column 'userid' is duplicated in mapping for entity 'com.manbath.bath.entitiy.User' (use '@Column(insertable=false, updatable=false)' when mapping multiple properties to the same column)
	at org.springframework.beans.factory.support.AbstractAutowireCapableBeanFactory.initializeBean(AbstractAutowireCapableBeanFactory.java:1770) ~[spring-beans-6.0.10.jar:6.0.10]
	at org.springframework.beans.factory.support.AbstractAutowireCapableBeanFactory.doCreateBean(AbstractAutowireCapableBeanFactory.java:598) ~[spring-beans-6.0.10.jar:6.0.10]
	at org.springframework.beans.factory.support.AbstractAutowireCapableBeanFactory.createBean(AbstractAutowireCapableBeanFactory.java:520) ~[spring-beans-6.0.10.jar:6.0.10]
	at org.springframework.beans.factory.support.AbstractBeanFactory.lambda$doGetBean$0(AbstractBeanFactory.java:326) ~[spring-beans-6.0.10.jar:6.0.10]
	at org.springframework.beans.factory.support.DefaultSingletonBeanRegistry.getSingleton(DefaultSingletonBeanRegistry.java:234) ~[spring-beans-6.0.10.jar:6.0.10]
	at org.springframework.beans.factory.support.AbstractBeanFactory.doGetBean(AbstractBeanFactory.java:324) ~[spring-beans-6.0.10.jar:6.0.10]
	at org.springframework.beans.factory.support.AbstractBeanFactory.getBean(AbstractBeanFactory.java:200) ~[spring-beans-6.0.10.jar:6.0.10]
	at org.springframework.context.support.AbstractApplicationContext.getBean(AbstractApplicationContext.java:1154) ~[spring-context-6.0.10.jar:6.0.10]
	at org.springframework.context.support.AbstractApplicationContext.finishBeanFactoryInitialization(AbstractApplicationContext.java:931) ~[spring-context-6.0.10.jar:6.0.10]
	at org.springframework.context.support.AbstractApplicationContext.refresh(AbstractApplicationContext.java:608) ~[spring-context-6.0.10.jar:6.0.10]
	at org.springframework.boot.web.servlet.context.ServletWebServerApplicationContext.refresh(ServletWebServerApplicationContext.java:146) ~[spring-boot-3.1.1.jar:3.1.1]
	at org.springframework.boot.SpringApplication.refresh(SpringApplication.java:734) [spring-boot-3.1.1.jar:3.1.1]
	at org.springframework.boot.SpringApplication.refreshContext(SpringApplication.java:436) [spring-boot-3.1.1.jar:3.1.1]
	at org.springframework.boot.SpringApplication.run(SpringApplication.java:312) [spring-boot-3.1.1.jar:3.1.1]
	at org.springframework.boot.SpringApplication.run(SpringApplication.java:1306) [spring-boot-3.1.1.jar:3.1.1]
	at org.springframework.boot.SpringApplication.run(SpringApplication.java:1295) [spring-boot-3.1.1.jar:3.1.1]
	at com.manbath.bath.BathApplication.main(BathApplication.java:24) [main/:?]
Caused by: jakarta.persistence.PersistenceException: [PersistenceUnit: default] Unable to build Hibernate SessionFactory; nested exception is org.hibernate.MappingException: Column 'userid' is duplicated in mapping for entity 'com.manbath.bath.entitiy.User' (use '@Column(insertable=false, updatable=false)' when mapping multiple properties to the same column)
	at org.springframework.orm.jpa.AbstractEntityManagerFactoryBean.buildNativeEntityManagerFactory(AbstractEntityManagerFactoryBean.java:421) ~[spring-orm-6.0.10.jar:6.0.10]
	at org.springframework.orm.jpa.AbstractEntityManagerFactoryBean.afterPropertiesSet(AbstractEntityManagerFactoryBean.java:396) ~[spring-orm-6.0.10.jar:6.0.10]
	at org.springframework.orm.jpa.LocalContainerEntityManagerFactoryBean.afterPropertiesSet(LocalContainerEntityManagerFactoryBean.java:352) ~[spring-orm-6.0.10.jar:6.0.10]
	at org.springframework.beans.factory.support.AbstractAutowireCapableBeanFactory.invokeInitMethods(AbstractAutowireCapableBeanFactory.java:1816) ~[spring-beans-6.0.10.jar:6.0.10]
	at org.springframework.beans.factory.support.AbstractAutowireCapableBeanFactory.initializeBean(AbstractAutowireCapableBeanFactory.java:1766) ~[spring-beans-6.0.10.jar:6.0.10]
	... 16 more
Caused by: org.hibernate.MappingException: Column 'userid' is duplicated in mapping for entity 'com.manbath.bath.entitiy.User' (use '@Column(insertable=false, updatable=false)' when mapping multiple properties to the same column)
	at org.hibernate.mapping.PersistentClass.checkColumnDuplication(PersistentClass.java:1054) ~[hibernate-core-6.2.5.Final.jar:6.2.5.Final]
	at org.hibernate.mapping.PersistentClass.checkPropertyColumnDuplication(PersistentClass.java:1080) ~[hibernate-core-6.2.5.Final.jar:6.2.5.Final]
	at org.hibernate.mapping.PersistentClass.checkColumnDuplication(PersistentClass.java:1110) ~[hibernate-core-6.2.5.Final.jar:6.2.5.Final]
	at org.hibernate.mapping.PersistentClass.validate(PersistentClass.java:754) ~[hibernate-core-6.2.5.Final.jar:6.2.5.Final]
	at org.hibernate.mapping.RootClass.validate(RootClass.java:288) ~[hibernate-core-6.2.5.Final.jar:6.2.5.Final]
	at org.hibernate.boot.internal.MetadataImpl.validate(MetadataImpl.java:509) ~[hibernate-core-6.2.5.Final.jar:6.2.5.Final]
	at org.hibernate.internal.SessionFactoryImpl.<init>(SessionFactoryImpl.java:251) ~[hibernate-core-6.2.5.Final.jar:6.2.5.Final]
	at org.hibernate.boot.internal.SessionFactoryBuilderImpl.build(SessionFactoryBuilderImpl.java:431) ~[hibernate-core-6.2.5.Final.jar:6.2.5.Final]
	at org.hibernate.jpa.boot.internal.EntityManagerFactoryBuilderImpl.build(EntityManagerFactoryBuilderImpl.java:1455) ~[hibernate-core-6.2.5.Final.jar:6.2.5.Final]
	at org.springframework.orm.jpa.vendor.SpringHibernateJpaPersistenceProvider.createContainerEntityManagerFactory(SpringHibernateJpaPersistenceProvider.java:75) ~[spring-orm-6.0.10.jar:6.0.10]
	at org.springframework.orm.jpa.LocalContainerEntityManagerFactoryBean.createNativeEntityManagerFactory(LocalContainerEntityManagerFactoryBean.java:376) ~[spring-orm-6.0.10.jar:6.0.10]
	at org.springframework.orm.jpa.AbstractEntityManagerFactoryBean.buildNativeEntityManagerFactory(AbstractEntityManagerFactoryBean.java:409) ~[spring-orm-6.0.10.jar:6.0.10]
	at org.springframework.orm.jpa.AbstractEntityManagerFactoryBean.afterPropertiesSet(AbstractEntityManagerFactoryBean.java:396) ~[spring-orm-6.0.10.jar:6.0.10]
	at org.springframework.orm.jpa.LocalContainerEntityManagerFactoryBean.afterPropertiesSet(LocalContainerEntityManagerFactoryBean.java:352) ~[spring-orm-6.0.10.jar:6.0.10]
	at org.springframework.beans.factory.support.AbstractAutowireCapableBeanFactory.invokeInitMethods(AbstractAutowireCapableBeanFactory.java:1816) ~[spring-beans-6.0.10.jar:6.0.10]
	at org.springframework.beans.factory.support.AbstractAutowireCapableBeanFactory.initializeBean(AbstractAutowireCapableBeanFactory.java:1766) ~[spring-beans-6.0.10.jar:6.0.10]
	... 16 more
2023-10-21 00:06:28,557 [main] INFO  com.manbath.bath.BathApplication(logStarting:51) - Starting BathApplication using Java 20.0.2 with PID 2360 (C:\Users\kmc59\OneDrive\바탕 화면\새 폴더\bath\bath_spring\build\classes\java\main started by kmc59 in C:\Users\kmc59\OneDrive\바탕 화면\새 폴더\bath\bath_spring)
2023-10-21 00:06:28,578 [main] INFO  com.manbath.bath.BathApplication(logStartupProfileInfo:640) - The following 1 profile is active: "db"
2023-10-21 00:06:30,168 [main] INFO  org.springframework.data.repository.config.RepositoryConfigurationDelegate(registerRepositoriesIn:138) - Bootstrapping Spring Data JPA repositories in DEFAULT mode.
2023-10-21 00:06:30,286 [main] INFO  org.springframework.data.repository.config.RepositoryConfigurationDelegate(registerRepositoriesIn:208) - Finished Spring Data repository scanning in 105 ms. Found 6 JPA repository interfaces.
2023-10-21 00:06:31,241 [main] INFO  org.springframework.boot.web.embedded.tomcat.TomcatWebServer(initialize:108) - Tomcat initialized with port(s): 8080 (http)
2023-10-21 00:06:31,378 [main] INFO  org.springframework.boot.web.servlet.context.ServletWebServerApplicationContext(prepareWebApplicationContext:291) - Root WebApplicationContext: initialization completed in 2708 ms
2023-10-21 00:06:32,203 [main] INFO  org.springframework.orm.jpa.persistenceunit.SpringPersistenceUnitInfo(addTransformer:87) - No LoadTimeWeaver setup: ignoring JPA class transformer
2023-10-21 00:06:35,448 [main] INFO  org.springframework.orm.jpa.LocalContainerEntityManagerFactoryBean(buildNativeEntityManagerFactory:437) - Initialized JPA EntityManagerFactory for persistence unit 'default'
2023-10-21 00:06:35,954 [main] INFO  org.springframework.data.jpa.repository.query.QueryEnhancerFactory(<clinit>:47) - Hibernate is in classpath; If applicable, HQL parser will be used.
2023-10-21 00:06:36,852 [main] WARN  org.springframework.boot.autoconfigure.orm.jpa.JpaBaseConfiguration$JpaWebConfiguration(openEntityManagerInViewInterceptor:231) - spring.jpa.open-in-view is enabled by default. Therefore, database queries may be performed during view rendering. Explicitly configure spring.jpa.open-in-view to disable this warning
2023-10-21 00:06:37,068 [main] INFO  org.springframework.boot.autoconfigure.web.servlet.WelcomePageHandlerMapping(<init>:57) - Adding welcome page: class path resource [static/index.html]
2023-10-21 00:06:37,517 [main] INFO  org.springframework.boot.web.embedded.tomcat.TomcatWebServer(start:220) - Tomcat started on port(s): 8080 (http) with context path ''
2023-10-21 00:06:37,529 [main] INFO  com.manbath.bath.BathApplication(logStarted:57) - Started BathApplication in 9.582 seconds (process running for 11.22)
